<?xml version="1.0" encoding="UTF-8"?>
<!-- Generated by org.testng.reporters.JUnitReportReporter -->
<testsuite hostname="DESKTOP-5VGD0PP" failures="0" tests="1" name="test.FITAPorurSeleniumWeekEnd.MouseandKeybardActions" time="4.286" errors="0" timestamp="2024-05-12T09:53:42 IST" skipped="0">
  <testcase classname="test.FITAPorurSeleniumWeekEnd.MouseandKeybardActions" name="KeyboardActions3" time="4.286"/>
</testsuite> <!-- test.FITAPorurSeleniumWeekEnd.MouseandKeybardActions -->
