<?xml version="1.0" encoding="UTF-8"?>
<!-- Generated by org.testng.reporters.JUnitReportReporter -->
<testsuite hostname="DESKTOP-5VGD0PP" failures="0" tests="3" name="TestNgBasics.TEstNG1" time="0.025" errors="0" timestamp="2024-05-19T14:42:05 IST" skipped="0">
  <testcase classname="TestNgBasics.TEstNG1" name="Testcase3" time="0.008"/>
  <testcase classname="TestNgBasics.TEstNG1" name="Testcase2" time="0.012"/>
  <testcase classname="TestNgBasics.TEstNG1" name="Testcase1" time="0.005"/>
</testsuite> <!-- TestNgBasics.TEstNG1 -->
