<?xml version="1.0" encoding="UTF-8"?>
<!-- Generated by org.testng.reporters.JUnitReportReporter -->
<testsuite hostname="DESKTOP-5VGD0PP" failures="0" tests="1" name="test.FITAPorurSeleniumWeekEnd.WebTable" time="20.162" errors="0" timestamp="2024-05-18T14:30:35 IST" skipped="0">
  <testcase classname="test.FITAPorurSeleniumWeekEnd.WebTable" name="WebTableImplemenation" time="20.162"/>
</testsuite> <!-- test.FITAPorurSeleniumWeekEnd.WebTable -->
