<?xml version="1.0" encoding="UTF-8"?>
<!-- Generated by org.testng.reporters.JUnitReportReporter -->
<testsuite hostname="DESKTOP-5VGD0PP" failures="0" tests="1" name="test.FITAPorurSeleniumWeekEnd.Frames" time="4.926" errors="0" timestamp="2024-05-18T13:10:49 IST" skipped="0">
  <testcase classname="test.FITAPorurSeleniumWeekEnd.Frames" name="FramesConcept2" time="4.926"/>
</testsuite> <!-- test.FITAPorurSeleniumWeekEnd.Frames -->
