<?xml version="1.0" encoding="UTF-8"?>
<!-- Generated by org.testng.reporters.JUnitReportReporter -->
<testsuite hostname="DESKTOP-5VGD0PP" failures="0" tests="1" name="test.FITAPorurSeleniumWeekEnd.Highlight" time="5.331" errors="0" timestamp="2024-05-12T10:16:46 IST" skipped="0">
  <testcase classname="test.FITAPorurSeleniumWeekEnd.Highlight" name="HighLight" time="5.331"/>
</testsuite> <!-- test.FITAPorurSeleniumWeekEnd.Highlight -->
