<?xml version="1.0" encoding="UTF-8"?>
<!-- Generated by org.testng.reporters.JUnitReportReporter -->
<testsuite hostname="DESKTOP-5VGD0PP" failures="0" tests="1" name="test.FITAPorurSeleniumWeekEnd.WindowsConcept" time="7.666" errors="0" timestamp="2024-05-18T13:28:09 IST" skipped="0">
  <testcase classname="test.FITAPorurSeleniumWeekEnd.WindowsConcept" name="WindowsImplementation" time="7.666"/>
</testsuite> <!-- test.FITAPorurSeleniumWeekEnd.WindowsConcept -->
