<?xml version="1.0" encoding="UTF-8"?>
<!-- Generated by org.testng.reporters.JUnitReportReporter -->
<testsuite hostname="DESKTOP-5VGD0PP" failures="0" tests="1" name="test.FITAPorurSeleniumWeekEnd.Alerts" time="3.910" errors="0" timestamp="2024-05-12T10:47:22 IST" skipped="0">
  <testcase classname="test.FITAPorurSeleniumWeekEnd.Alerts" name="MouseActionsDragAndDrop" time="3.910"/>
</testsuite> <!-- test.FITAPorurSeleniumWeekEnd.Alerts -->
