<?xml version="1.0" encoding="UTF-8"?>
<!-- Generated by org.testng.reporters.JUnitReportReporter -->
<testsuite hostname="DESKTOP-5VGD0PP" failures="0" tests="1" name="test.FITAPorurSeleniumWeekEnd.RadiobuttonandCheckbox" time="4.394" errors="0" timestamp="2024-05-11T14:13:44 IST" skipped="0">
  <testcase classname="test.FITAPorurSeleniumWeekEnd.RadiobuttonandCheckbox" name="dynamicRadiobuttonnanotherway" time="4.394"/>
</testsuite> <!-- test.FITAPorurSeleniumWeekEnd.RadiobuttonandCheckbox -->
