<?xml version="1.0" encoding="UTF-8"?>
<!-- Generated by org.testng.reporters.JUnitReportReporter -->
<testsuite hostname="DESKTOP-5VGD0PP" failures="0" tests="1" name="test.FITAPorurSeleniumWeekEnd.Listconcepts" time="4.689" errors="0" timestamp="2024-05-11T14:40:41 IST" skipped="0">
  <testcase classname="test.FITAPorurSeleniumWeekEnd.Listconcepts" name="SelectCountry" time="4.689"/>
</testsuite> <!-- test.FITAPorurSeleniumWeekEnd.Listconcepts -->
