<?xml version="1.0" encoding="UTF-8"?>
<!-- Generated by org.testng.reporters.JUnitReportReporter -->
<testsuite hostname="DESKTOP-5VGD0PP" failures="0" tests="1" name="TestNgBasics.TestNG2" time="0.001" errors="0" timestamp="2024-05-19T14:42:05 IST" skipped="0">
  <testcase classname="TestNgBasics.TestNG2" name="Testcase4" time="0.001"/>
</testsuite> <!-- TestNgBasics.TestNG2 -->
