<?xml version="1.0" encoding="UTF-8"?>
<!-- Generated by org.testng.reporters.JUnitReportReporter -->
<testsuite hostname="DESKTOP-5VGD0PP" failures="0" tests="1" name="test.FITAPorurSeleniumWeekEnd.FirstCalss" time="5.544" errors="0" timestamp="2024-04-28T13:51:54 IST" skipped="0">
  <testcase classname="test.FITAPorurSeleniumWeekEnd.FirstCalss" name="Launch" time="5.544"/>
</testsuite> <!-- test.FITAPorurSeleniumWeekEnd.FirstCalss -->
