<?xml version="1.0" encoding="UTF-8"?>
<!-- Generated by org.testng.reporters.JUnitReportReporter -->
<testsuite hostname="DESKTOP-5VGD0PP" failures="0" tests="1" name="test.FITAPorurSeleniumWeekEnd.Dropdown" time="13.149" errors="0" timestamp="2024-05-11T14:27:35 IST" skipped="0">
  <testcase classname="test.FITAPorurSeleniumWeekEnd.Dropdown" name="DropdownImplementationwithmultiple" time="13.149"/>
</testsuite> <!-- test.FITAPorurSeleniumWeekEnd.Dropdown -->
