<?xml version="1.0" encoding="UTF-8"?>
<!-- Generated by org.testng.reporters.JUnitReportReporter -->
<testsuite hostname="DESKTOP-5VGD0PP" failures="0" tests="1" name="test.FITAPorurSeleniumWeekEnd.AppTest" time="0.007" errors="0" timestamp="2024-04-28T13:10:18 IST" skipped="0">
  <testcase classname="test.FITAPorurSeleniumWeekEnd.AppTest" name="shouldAnswerWithTrue" time="0.007"/>
</testsuite> <!-- test.FITAPorurSeleniumWeekEnd.AppTest -->
